C:\Users\AD\Documents\Thesis\Document\Main document\Principle-selection.dwg,Model,10/16/2022 8:31:55 AM,AD,AutoCAD PDF (High Quality Print).pc3,ISO A0 (841.00 x 1189.00 MM),1:1.02944,
C:\Users\AD\Documents\Thesis\Document\Main document\Principle-selection.dwg,Model,10/16/2022 8:46:39 AM,AD,AutoCAD PDF (High Quality Print).pc3,ISO A0 (841.00 x 1189.00 MM),1:1.02944,
C:\Users\AD\Documents\Thesis\Document\Main document\Principle-selection.dwg,Model,10/16/2022 8:49:00 AM,AD,AutoCAD PDF (High Quality Print).pc3,ISO A0 (841.00 x 1189.00 MM),1:1.02944,
C:\Users\AD\Documents\Thesis\Document\Main document\Principle-selection.dwg,Model,10/16/2022 11:59:47 PM,AD,AutoCAD PDF (High Quality Print).pc3,ISO A0 (841.00 x 1189.00 MM),1:1.02944,
C:\Users\AD\Documents\Thesis\mechanical\ME2011_NguyenVuThinh_1852581_PhanTienMinh_AutoCad.dwg,Model,10/20/2022 10:40:08 PM,AD,AutoCAD PDF (High Quality Print).pc3,ISO A0 (841.00 x 1189.00 MM),1:1.58475,
C:\Users\AD\Documents\Thesis\mechanical\ME2011_NguyenVuThinh_1852581_PhanTienMinh_AutoCad.dwg,Model,10/21/2022 12:26:10 AM,AD,AutoCAD PDF (High Quality Print).pc3,ISO A0 (841.00 x 1189.00 MM),1:1.1712,
C:\Users\AD\Documents\Thesis\mechanical\ME2011_NguyenVuThinh_1852581_PhanTienMinh_AutoCad.dwg,Model,10/21/2022 12:32:43 AM,AD,AutoCAD PDF (High Quality Print).pc3,ISO A0 (841.00 x 1189.00 MM),1:1.16373,
C:\Users\AD\Documents\Thesis\mechanical\ME2011_NguyenVuThinh_1852581_PhanTienMinh_AutoCad.dwg,Model,10/21/2022 8:58:49 AM,AD,AutoCAD PDF (High Quality Print).pc3,ISO A0 (841.00 x 1189.00 MM),1:1.1712,
C:\Users\AD\Documents\Thesis\mechanical\ME2011_NguyenVuThinh_1852581_PhanTienMinh_AutoCad.dwg,Model,10/21/2022 8:03:42 PM,AD,AutoCAD PDF (High Quality Print).pc3,ISO A0 (841.00 x 1189.00 MM),1:1.1712,
C:\Users\AD\Documents\Thesis\mechanical\ME2011_NguyenVuThinh_1852581_PhanTienMinh_AutoCad.dwg,Model,10/21/2022 8:27:03 PM,AD,AutoCAD PDF (High Quality Print).pc3,ISO A0 (841.00 x 1189.00 MM),1:1.1712,
C:\Users\AD\Documents\Thesis\mechanical\ME2011_NguyenVuThinh_1852581_PhanTienMinh_AutoCad.dwg,Model,10/21/2022 8:42:31 PM,AD,AutoCAD PDF (High Quality Print).pc3,ISO A0 (841.00 x 1189.00 MM),1:1.1712,
C:\Users\AD\Documents\Thesis\Document\Main document\Principle-selection.dwg,Model,10/21/2022 8:52:20 PM,AD,AutoCAD PDF (High Quality Print).pc3,ISO A0 (841.00 x 1189.00 MM),1:1.02944,
C:\Users\AD\Documents\Thesis\Document\Main document\Principle-selection.dwg,Model,11/9/2022 5:06:33 PM,AD,AutoCAD PDF (High Quality Print).pc3,ISO full bleed A0 (841.00 x 1189.00 MM),1:1,
C:\Users\AD\Documents\Thesis\Document\Main document\Principle-selection.dwg,Model,11/9/2022 9:27:18 PM,AD,AutoCAD PDF (High Quality Print).pc3,ISO full bleed A0 (841.00 x 1189.00 MM),1:1,
C:\Users\AD\Documents\Thesis\Document\Main document\Principle-selection.dwg,Model,11/10/2022 9:54:24 PM,AD,AutoCAD PDF (High Quality Print).pc3,ISO full bleed A0 (841.00 x 1189.00 MM),1:1,
C:\Users\AD\Documents\Thesis\Document\Main document\Principle-selection.dwg,Model,11/10/2022 9:57:48 PM,AD,AutoCAD PDF (High Quality Print).pc3,ISO full bleed A0 (841.00 x 1189.00 MM),1:1,
C:\Users\AD\Documents\Thesis\Document\Main document\Principle-selection.dwg,Model,11/14/2022 10:07:20 PM,AD,AutoCAD PDF (High Quality Print).pc3,ISO full bleed A0 (841.00 x 1189.00 MM),1:1,
C:\Users\AD\Documents\Thesis\Document\Main document\Principle-selection.dwg,Model,11/15/2022 11:18:56 PM,AD,AutoCAD PDF (High Quality Print).pc3,ISO full bleed A0 (841.00 x 1189.00 MM),1:1,
C:\Users\AD\Documents\Thesis\Document\Main document\Principle-selection.dwg,Model,11/15/2022 11:20:37 PM,AD,AutoCAD PDF (High Quality Print).pc3,ISO full bleed A0 (841.00 x 1189.00 MM),1:1,
C:\Users\AD\Documents\Thesis\Document\Main document\Principle-selection.dwg,Model,11/15/2022 11:35:36 PM,AD,AutoCAD PDF (High Quality Print).pc3,ISO full bleed A0 (841.00 x 1189.00 MM),1:1,
C:\Users\AD\Documents\Thesis\Document\Main document\Principle-selection.dwg,Model,11/15/2022 11:36:42 PM,AD,AutoCAD PDF (High Quality Print).pc3,ISO full bleed A0 (841.00 x 1189.00 MM),1:1,
C:\Users\AD\Documents\Thesis\Document\Main document\Principle-selection.dwg,Model,11/24/2022 5:10:44 PM,AD,AutoCAD PDF (High Quality Print).pc3,ISO full bleed A0 (841.00 x 1189.00 MM),1:1,
C:\Users\AD\Documents\Thesis\mechanical\ME2011_NguyenVuThinh_1852581_PhanTienMinh_AutoCad.dwg,Model,11/24/2022 5:45:46 PM,AD,AutoCAD PDF (High Quality Print).pc3,ISO A0 (841.00 x 1189.00 MM),1:1.1712,
C:\Users\AD\Documents\Thesis\mechanical\ME2011_NguyenVuThinh_1852581_PhanTienMinh_AutoCad.dwg,Model,11/25/2022 3:00:20 PM,AD,AutoCAD PDF (High Quality Print).pc3,ISO A0 (841.00 x 1189.00 MM),1:1.1712,
C:\Users\AD\Documents\Thesis\mechanical\ME2011_NguyenVuThinh_1852581_PhanTienMinh_AutoCad.dwg,Model,11/25/2022 3:06:31 PM,AD,AutoCAD PDF (High Quality Print).pc3,ISO full bleed A0 (841.00 x 1189.00 MM),1:1.15728,
C:\Users\AD\Documents\Thesis\Document\Main document\Principle-selection.dwg,Model,11/27/2022 8:23:22 AM,AD,AutoCAD PDF (High Quality Print).pc3,ISO full bleed A0 (841.00 x 1189.00 MM),1:1,
C:\Users\AD\Documents\Thesis\mechanical\ME2011_NguyenVuThinh_1852581_PhanTienMinh_AutoCad.dwg,Model,11/27/2022 11:27:46 AM,AD,AutoCAD PDF (High Quality Print).pc3,ISO A0 (841.00 x 1189.00 MM),1:1.1712,
C:\Users\AD\Documents\Thesis\mechanical\ME2011_NguyenVuThinh_1852581_PhanTienMinh_AutoCad.dwg,Model,11/27/2022 4:57:56 PM,AD,AutoCAD PDF (High Quality Print).pc3,ISO A0 (841.00 x 1189.00 MM),1:1.1712,
C:\Users\AD\Documents\Thesis\mechanical\ME2011_NguyenVuThinh_1852581_PhanTienMinh_AutoCad.dwg,Model,11/27/2022 5:03:44 PM,AD,AutoCAD PDF (High Quality Print).pc3,ISO A0 (841.00 x 1189.00 MM),1:1.1712,
C:\Users\AD\Documents\Thesis\mechanical\ME2011_NguyenVuThinh_1852581_PhanTienMinh_AutoCad.dwg,Model,11/27/2022 5:09:41 PM,AD,AutoCAD PDF (High Quality Print).pc3,ISO A0 (841.00 x 1189.00 MM),1:1.1712,
C:\Users\AD\Documents\Thesis\Document\Main document\Principle-selection.dwg,Model,12/19/2022 7:59:53 PM,AD,AutoCAD PDF (High Quality Print).pc3,ISO full bleed A0 (841.00 x 1189.00 MM),1:1,
C:\Users\AD\Documents\Thesis\Document\Main document\Principle-selection.dwg,Model,12/19/2022 8:01:06 PM,AD,AutoCAD PDF (High Quality Print).pc3,ISO full bleed A0 (841.00 x 1189.00 MM),1:1,
C:\Users\AD\Documents\Thesis\Document\Main document\Principle-selection.dwg,Model,12/19/2022 8:03:12 PM,AD,AutoCAD PDF (High Quality Print).pc3,ISO full bleed A0 (841.00 x 1189.00 MM),1:1,
C:\Users\AD\Documents\Thesis\Document\Main document\Principle-selection.dwg,Model,12/19/2022 8:23:26 PM,AD,AutoCAD PDF (High Quality Print).pc3,ISO full bleed A0 (841.00 x 1189.00 MM),1:1,
C:\Users\AD\Documents\Thesis\mechanical\ME2011_NguyenVuThinh_1852581_PhanTienMinh_AutoCad.dwg,Model,12/19/2022 8:36:49 PM,AD,AutoCAD PDF (High Quality Print).pc3,ISO A0 (841.00 x 1189.00 MM),1:1.1712,
C:\Users\AD\Documents\Thesis\Document\Main document\Principle-selection.dwg,Model,12/21/2022 4:05:12 PM,AD,AutoCAD PDF (High Quality Print).pc3,ISO full bleed A0 (841.00 x 1189.00 MM),1:1,
C:\Users\AD\Documents\Thesis\Document\Main document\Principle-selection.dwg,Model,12/21/2022 4:23:49 PM,AD,AutoCAD PDF (High Quality Print).pc3,ISO full bleed A0 (841.00 x 1189.00 MM),1:1,
C:\Users\AD\Documents\Thesis\Document\Main document\Principle-selection.dwg,Model,12/21/2022 4:29:34 PM,AD,AutoCAD PDF (High Quality Print).pc3,ISO full bleed A0 (841.00 x 1189.00 MM),1:1,
C:\Users\AD\Documents\Thesis\Document\Main document\Principle-selection.dwg,Model,12/21/2022 4:35:04 PM,AD,AutoCAD PDF (High Quality Print).pc3,ISO full bleed A0 (841.00 x 1189.00 MM),1:1,
C:\Users\AD\Documents\Thesis\Document\Main document\Principle-selection.dwg,Model,12/22/2022 7:06:44 PM,AD,AutoCAD PDF (High Quality Print).pc3,ISO full bleed A0 (841.00 x 1189.00 MM),1:1,
C:\Users\AD\Documents\Thesis\Document\Main document\Principle-selection.dwg,Model,12/22/2022 7:07:08 PM,AD,AutoCAD PDF (High Quality Print).pc3,ISO full bleed A0 (841.00 x 1189.00 MM),1:1,
C:\Users\AD\Documents\Thesis\Document\Main document\Principle-selection.dwg,Model,12/22/2022 7:07:24 PM,AD,AutoCAD PDF (High Quality Print).pc3,ISO full bleed A0 (841.00 x 1189.00 MM),1:1,
C:\Users\AD\Documents\Thesis\mechanical\ME2011_NguyenVuThinh_1852581_PhanTienMinh_AutoCad.dwg,Model,12/22/2022 7:08:44 PM,AD,AutoCAD PDF (High Quality Print).pc3,ISO A0 (841.00 x 1189.00 MM),1:1.1712,
C:\Users\AD\Documents\Thesis\mechanical\ME2011_NguyenVuThinh_1852581_PhanTienMinh_AutoCad.dwg,Model,12/22/2022 7:09:33 PM,AD,AutoCAD PDF (General Documentation).pc3,ISO full bleed A0 (841.00 x 1189.00 MM),1:1.15728,
C:\Users\AD\Documents\Thesis\mechanical\ME2011_NguyenVuThinh_1852581_PhanTienMinh_AutoCad.dwg,Model,12/22/2022 7:10:13 PM,AD,AutoCAD PDF (High Quality Print).pc3,ISO expand A0 (841.00 x 1189.00 MM),1:1.1712,
C:\Users\AD\Documents\Thesis\mechanical\ME2011_NguyenVuThinh_1852581_PhanTienMinh_AutoCad.dwg,Model,12/22/2022 7:11:39 PM,AD,AutoCAD PDF (General Documentation).pc3,ISO full bleed A0 (841.00 x 1189.00 MM),1:1.15728,
C:\Users\AD\Documents\Thesis\mechanical\ME2011_NguyenVuThinh_1852581_PhanTienMinh_AutoCad.dwg,Model,12/22/2022 7:13:36 PM,AD,AutoCAD PDF (High Quality Print).pc3,ISO full bleed A0 (841.00 x 1189.00 MM),1:1.15728,
C:\Users\AD\Documents\Thesis\mechanical\ME2011_NguyenVuThinh_1852581_PhanTienMinh_AutoCad.dwg,Model,12/22/2022 7:21:00 PM,AD,AutoCAD PDF (High Quality Print).pc3,ISO A0 (841.00 x 1189.00 MM),1:1.1712,
C:\Users\AD\Documents\Thesis\Document\Main document\Principle-selection.dwg,Model,12/22/2022 7:24:28 PM,AD,AutoCAD PDF (High Quality Print).pc3,ISO full bleed A0 (841.00 x 1189.00 MM),1:1,
C:\Users\AD\Documents\Thesis\Document\Main document\Principle-selection.dwg,Model,12/22/2022 7:25:53 PM,AD,AutoCAD PDF (High Quality Print).pc3,ISO full bleed A0 (841.00 x 1189.00 MM),1:1,
C:\Users\AD\Documents\Thesis\Document\Main document\Principle-selection.dwg,Model,12/22/2022 7:27:12 PM,AD,AutoCAD PDF (High Quality Print).pc3,ISO full bleed A0 (841.00 x 1189.00 MM),1:1,
C:\Users\AD\Documents\Thesis\Document\Main document\Principle-selection.dwg,Model,12/22/2022 8:04:01 PM,AD,AutoCAD PDF (High Quality Print).pc3,ISO full bleed A0 (841.00 x 1189.00 MM),1:1,
C:\Users\AD\Documents\Thesis\Document\Main document\Principle-selection.dwg,Model,12/22/2022 10:28:05 PM,AD,AutoCAD PDF (High Quality Print).pc3,ISO full bleed A0 (841.00 x 1189.00 MM),1:1,
C:\Users\AD\Documents\Thesis\Document\Main document\Principle-selection.dwg,Model,12/22/2022 10:31:36 PM,AD,AutoCAD PDF (High Quality Print).pc3,ISO full bleed A0 (841.00 x 1189.00 MM),1:1,
C:\Users\AD\Documents\Thesis\Document\Main document\Principle-selection.dwg,Model,12/23/2022 3:27:31 PM,AD,AutoCAD PDF (High Quality Print).pc3,ISO full bleed A0 (841.00 x 1189.00 MM),1:1,
C:\Users\AD\Documents\Thesis\Document\Main document\Principle-selection.dwg,Model,12/23/2022 3:28:19 PM,AD,AutoCAD PDF (High Quality Print).pc3,ISO full bleed A0 (841.00 x 1189.00 MM),1:1,
C:\Users\AD\Documents\Thesis\Document\Main document\Principle-selection.dwg,Model,12/24/2022 10:08:18 AM,AD,AutoCAD PDF (High Quality Print).pc3,ISO full bleed A0 (841.00 x 1189.00 MM),1:1,
C:\Users\AD\Documents\Thesis\Document\Main document\Principle-selection.dwg,Model,12/24/2022 10:17:19 AM,AD,AutoCAD PDF (High Quality Print).pc3,ISO full bleed A0 (841.00 x 1189.00 MM),1:1,
C:\Users\AD\Documents\Thesis\Document\Main document\Principle-selection.dwg,Model,12/24/2022 10:18:14 AM,AD,AutoCAD PDF (High Quality Print).pc3,ISO full bleed A0 (841.00 x 1189.00 MM),1:1,
C:\Users\AD\Documents\Thesis\mechanical\ME2011_NguyenVuThinh_1852581_PhanTienMinh_AutoCad.dwg,Model,12/24/2022 2:58:02 PM,AD,AutoCAD PDF (High Quality Print).pc3,ISO A0 (841.00 x 1189.00 MM),1:1.1712,
C:\Users\AD\Documents\Thesis\mechanical\ME2011_NguyenVuThinh_1852581_PhanTienMinh_AutoCad.dwg,Model,12/25/2022 9:14:31 AM,AD,AutoCAD PDF (High Quality Print).pc3,ISO A0 (841.00 x 1189.00 MM),1:1.1712,
C:\Users\AD\Documents\Thesis\mechanical\ME2011_NguyenVuThinh_1852581_PhanTienMinh_AutoCad.dwg,Model,12/25/2022 8:38:47 PM,AD,AutoCAD PDF (High Quality Print).pc3,ISO A0 (841.00 x 1189.00 MM),1:1.1712,
C:\Users\AD\Documents\Thesis\mechanical\ME2011_NguyenVuThinh_1852581_PhanTienMinh_AutoCad.dwg,Model,12/25/2022 10:43:57 PM,AD,AutoCAD PDF (High Quality Print).pc3,ISO A0 (841.00 x 1189.00 MM),1:1.1712,
C:\Users\AD\Documents\Thesis\mechanical\ME2011_NguyenVuThinh_1852581_PhanTienMinh_AutoCad.dwg,Model,1/10/2023 12:20:38 AM,AD,AutoCAD PDF (High Quality Print).pc3,ISO A4 (210.00 x 297.00 MM),1:1.59696,
C:\Users\AD\Documents\Thesis\mechanical\ME2011_NguyenVuThinh_1852581_PhanTienMinh_AutoCad.dwg,Model,1/10/2023 12:21:12 AM,AD,AutoCAD PDF (High Quality Print).pc3,ISO A4 (210.00 x 297.00 MM),1:1.59696,
C:\Users\AD\Documents\Thesis\mechanical\ME2011_NguyenVuThinh_1852581_PhanTienMinh_AutoCad.dwg,Model,1/10/2023 12:37:06 AM,AD,AutoCAD PDF (High Quality Print).pc3,ISO A4 (210.00 x 297.00 MM),1:1.59696,
C:\Users\AD\Documents\Thesis\mechanical\ME2011_NguyenVuThinh_1852581_PhanTienMinh_AutoCad.dwg,Model,1/10/2023 12:37:58 AM,AD,AutoCAD PDF (High Quality Print).pc3,ISO A4 (210.00 x 297.00 MM),1:1.59696,
